<?xml version="1.0" encoding="UTF-8"?>
<testsuite xmlns:xsi="http://www.w3.org/2001/XMLSchema-instance" xsi:noNamespaceSchemaLocation="https://maven.apache.org/surefire/maven-surefire-plugin/xsd/surefire-test-report-3.0.xsd" version="3.0" name="TestSuite" time="15.557" tests="9" errors="0" skipped="0" failures="2">
  <properties>
[...]
</properties>
  <testcase name="testA" classname="suitea.TestA" time="0.019">
    <failure message="The following asserts failed:&#10;	Titles do not match.,&#10;	Text not matches,&#10;	a is not valid" type="java.lang.AssertionError"><![CDATA[java.lang.AssertionError: 
The following asserts failed:
	Titles do not match.,
	Text not matches,
	a is not valid
	at suitea.TestA.testA(TestA.java:27)
]]></failure>
    <system-out><![CDATA[[TestNG] [WARN] Ignoring duplicate listener : listener.CustomListener
[TestNG] [WARN] Ignoring duplicate listener : listener.CustomListener
[TestNG] [WARN] Ignoring duplicate listener : listener.CustomListener
-testA
---------------------------------@BeforeMethod
TESTA
Wed Jun 03 09-21-44 IST 2020
D:\Ashish\Workspace\May2020\ProjectStructure//reports//Wed Jun 03 09-21-44 IST 2020//screenshots
Browser is chrome
Starting A
Titles do not match.
Logging into application
Booking ticket
Text not matches
a is not valid
]]></system-out>
  </testcase>
  <testcase name="testA" classname="suitea.TestA" time="0.01">
    <failure message="The following asserts failed:&#10;	Titles do not match.,&#10;	Text not matches,&#10;	a is not valid" type="java.lang.AssertionError"><![CDATA[java.lang.AssertionError: 
The following asserts failed:
	Titles do not match.,
	Text not matches,
	a is not valid
	at suitea.TestA.testA(TestA.java:27)
]]></failure>
    <system-out><![CDATA[----Test Failed--------
Failed Test Name - testA
2
The following asserts failed:
	Titles do not match.,
	Text not matches,
	a is not valid
Result [TestResult name=testA status=FAILURE method=TestA.testA(java.lang.String, java.lang.String, java.lang.String)[pri:0, instance:suitea.TestA@53b32d7] output={null}]
Result java.lang.AssertionError: The following asserts failed:
	Titles do not match.,
	Text not matches,
	a is not valid
@AfterMethod
---------------------------------@BeforeMethod
TESTA
Browser is chrome
Starting A
Titles do not match.
Logging into application
Booking ticket
Text not matches
a is not valid
]]></system-out>
  </testcase>
  <testcase name="testAA" classname="suitea.TestAA" time="1.983"/>
  <testcase name="testAA" classname="suitea.TestAA" time="2.003"/>
  <testcase name="testB" classname="suiteb.TestB" time="1.994"/>
  <testcase name="testB" classname="suiteb.TestB" time="2.015"/>
  <testcase name="testBB" classname="suiteb.TestBB" time="1.99"/>
  <testcase name="testC" classname="suitec.TestC" time="2.002"/>
  <testcase name="testCC" classname="suitec.TestCC" time="2.002"/>
</testsuite>