<?xml version="1.0" encoding="UTF-8"?>
<!-- Generated by org.testng.reporters.JUnitXMLReporter -->
<testsuite hostname="DESKTOP-V123S32" ignored="0" name="Test A" tests="2" failures="2" timestamp="2020-06-03T09:21:45 IST" time="0.527" errors="0">
  <testcase name="testA" time="0.009" classname="suitea.TestA">
    <failure type="java.lang.AssertionError" message="The following asserts failed:
	Titles do not match.,
	Text not matches,
	a is not valid">
      <![CDATA[java.lang.AssertionError: The following asserts failed:
Titles do not match.,
Text not matches,
a is not valid
at testbase.TestBase.failAndStopTest(TestBase.java:82)
at suitea.TestA.testA(TestA.java:27)
at java.util.ArrayList.forEach(ArrayList.java:1257)
... Removed 34 stack frames]]>
    </failure>
  </testcase> <!-- testA -->
  <testcase name="testA" time="0.001" classname="suitea.TestA">
    <failure type="java.lang.AssertionError" message="The following asserts failed:
	Titles do not match.,
	Text not matches,
	a is not valid">
      <![CDATA[java.lang.AssertionError: The following asserts failed:
Titles do not match.,
Text not matches,
a is not valid
at testbase.TestBase.failAndStopTest(TestBase.java:82)
at suitea.TestA.testA(TestA.java:27)
at java.util.ArrayList.forEach(ArrayList.java:1257)
... Removed 34 stack frames]]>
    </failure>
  </testcase> <!-- testA -->
</testsuite> <!-- Test A -->
